This file contains any messages produced by compilers while
running configure, to aid debugging if configure makes a mistake.

It was created by avremote configure 0.1.0, which was
generated by GNU Autoconf 2.67.  Invocation command line was

  $ ./configure 

## --------- ##
## Platform. ##
## --------- ##

hostname = dyne
uname -m = x86_64
uname -r = 2.6.38-2.dmz.2-liquorix-amd64
uname -s = Linux
uname -v = #1 ZEN SMP PREEMPT Sun Apr 10 04:31:30 CDT 2011

/usr/bin/uname -p = unknown
/bin/uname -X     = unknown

/bin/arch              = unknown
/usr/bin/arch -k       = unknown
/usr/convex/getsysinfo = unknown
/usr/bin/hostinfo      = unknown
/bin/machine           = unknown
/usr/bin/oslevel       = unknown
/bin/universe          = unknown

PATH: /home/jrml/jrml/bin
PATH: /usr/lib/ccache
PATH: /home/jrml/jrml/bin
PATH: /usr/local/bin
PATH: /usr/bin
PATH: /bin
PATH: /usr/games
PATH: /sbin
PATH: /usr/sbin


## ----------- ##
## Core tests. ##
## ----------- ##

configure:2321: checking build system type
configure:2335: result: x86_64-unknown-linux-gnu
configure:2355: checking host system type
configure:2368: result: x86_64-unknown-linux-gnu
configure:2413: checking for a BSD-compatible install
configure:2481: result: /usr/bin/install -c
configure:2492: checking whether build environment is sane
configure:2542: result: yes
configure:2683: checking for a thread-safe mkdir -p
configure:2722: result: /bin/mkdir -p
configure:2735: checking for gawk
configure:2751: found /usr/bin/gawk
configure:2762: result: gawk
configure:2773: checking whether make sets $(MAKE)
configure:2795: result: yes
configure:2950: checking for g++
configure:2966: found /usr/lib/ccache/g++
configure:2977: result: g++
configure:3004: checking for C++ compiler version
configure:3013: g++ --version >&5
g++ (Debian 4.4.5-8) 4.4.5
Copyright (C) 2010 Free Software Foundation, Inc.
This is free software; see the source for copying conditions.  There is NO
warranty; not even for MERCHANTABILITY or FITNESS FOR A PARTICULAR PURPOSE.

configure:3024: $? = 0
configure:3013: g++ -v >&5
Using built-in specs.
Target: x86_64-linux-gnu
Configured with: ../src/configure -v --with-pkgversion='Debian 4.4.5-8' --with-bugurl=file:///usr/share/doc/gcc-4.4/README.Bugs --enable-languages=c,c++,fortran,objc,obj-c++ --prefix=/usr --program-suffix=-4.4 --enable-shared --enable-multiarch --enable-linker-build-id --with-system-zlib --libexecdir=/usr/lib --without-included-gettext --enable-threads=posix --with-gxx-include-dir=/usr/include/c++/4.4 --libdir=/usr/lib --enable-nls --enable-clocale=gnu --enable-libstdcxx-debug --enable-objc-gc --with-arch-32=i586 --with-tune=generic --enable-checking=release --build=x86_64-linux-gnu --host=x86_64-linux-gnu --target=x86_64-linux-gnu
Thread model: posix
gcc version 4.4.5 (Debian 4.4.5-8) 
configure:3024: $? = 0
configure:3013: g++ -V >&5
g++: '-V' option must have argument
configure:3024: $? = 1
configure:3013: g++ -qversion >&5
g++: unrecognized option '-qversion'
g++: no input files
configure:3024: $? = 1
configure:3044: checking whether the C++ compiler works
configure:3066: g++    conftest.cpp  >&5
conftest.cpp:8:1: warning: "PACKAGE_URL" redefined
conftest.cpp:7:1: warning: this is the location of the previous definition
configure:3070: $? = 0
configure:3118: result: yes
configure:3121: checking for C++ compiler default output file name
configure:3123: result: a.out
configure:3129: checking for suffix of executables
configure:3136: g++ -o conftest    conftest.cpp  >&5
conftest.cpp:8:1: warning: "PACKAGE_URL" redefined
conftest.cpp:7:1: warning: this is the location of the previous definition
configure:3140: $? = 0
configure:3162: result: 
configure:3184: checking whether we are cross compiling
configure:3192: g++ -o conftest    conftest.cpp  >&5
conftest.cpp:8:1: warning: "PACKAGE_URL" redefined
conftest.cpp:7:1: warning: this is the location of the previous definition
configure:3196: $? = 0
configure:3203: ./conftest
configure:3207: $? = 0
configure:3222: result: no
configure:3227: checking for suffix of object files
configure:3249: g++ -c   conftest.cpp >&5
conftest.cpp:8:1: warning: "PACKAGE_URL" redefined
conftest.cpp:7:1: warning: this is the location of the previous definition
configure:3253: $? = 0
configure:3274: result: o
configure:3278: checking whether we are using the GNU C++ compiler
configure:3297: g++ -c   conftest.cpp >&5
conftest.cpp:8:1: warning: "PACKAGE_URL" redefined
conftest.cpp:7:1: warning: this is the location of the previous definition
configure:3297: $? = 0
configure:3306: result: yes
configure:3315: checking whether g++ accepts -g
configure:3335: g++ -c -g  conftest.cpp >&5
conftest.cpp:8:1: warning: "PACKAGE_URL" redefined
conftest.cpp:7:1: warning: this is the location of the previous definition
configure:3335: $? = 0
configure: failed program was:
| /* confdefs.h */
| #define PACKAGE_NAME "avremote"
| #define PACKAGE_TARNAME "AVRemote"
| #define PACKAGE_VERSION "0.1.0"
| #define PACKAGE_STRING "avremote 0.1.0"
| #define PACKAGE_BUGREPORT "jaromil@nimk.nl"
| #define PACKAGE_URL ""
| #define PACKAGE_URL "http://nimk.nl/syncstarter"
| #define PACKAGE "AVRemote"
| #define VERSION "0.1.0"
| /* end confdefs.h.  */
| 
| int
| main ()
| {
| 
|   ;
|   return 0;
| }
configure:3350: g++ -c   conftest.cpp >&5
conftest.cpp:8:1: warning: "PACKAGE_URL" redefined
conftest.cpp:7:1: warning: this is the location of the previous definition
configure:3350: $? = 0
configure: failed program was:
| /* confdefs.h */
| #define PACKAGE_NAME "avremote"
| #define PACKAGE_TARNAME "AVRemote"
| #define PACKAGE_VERSION "0.1.0"
| #define PACKAGE_STRING "avremote 0.1.0"
| #define PACKAGE_BUGREPORT "jaromil@nimk.nl"
| #define PACKAGE_URL ""
| #define PACKAGE_URL "http://nimk.nl/syncstarter"
| #define PACKAGE "AVRemote"
| #define VERSION "0.1.0"
| /* end confdefs.h.  */
| 
| int
| main ()
| {
| 
|   ;
|   return 0;
| }
configure:3366: g++ -c -g  conftest.cpp >&5
conftest.cpp:8:1: warning: "PACKAGE_URL" redefined
conftest.cpp:7:1: warning: this is the location of the previous definition
configure:3366: $? = 0
configure:3376: result: yes
configure:3410: checking for style of include used by make
configure:3438: result: GNU
configure:3463: checking dependency style of g++
configure:3573: result: gcc3
configure:3636: checking for gcc
configure:3652: found /usr/lib/ccache/gcc
configure:3663: result: gcc
configure:3892: checking for C compiler version
configure:3901: gcc --version >&5
gcc (Debian 4.4.5-8) 4.4.5
Copyright (C) 2010 Free Software Foundation, Inc.
This is free software; see the source for copying conditions.  There is NO
warranty; not even for MERCHANTABILITY or FITNESS FOR A PARTICULAR PURPOSE.

configure:3912: $? = 0
configure:3901: gcc -v >&5
Using built-in specs.
Target: x86_64-linux-gnu
Configured with: ../src/configure -v --with-pkgversion='Debian 4.4.5-8' --with-bugurl=file:///usr/share/doc/gcc-4.4/README.Bugs --enable-languages=c,c++,fortran,objc,obj-c++ --prefix=/usr --program-suffix=-4.4 --enable-shared --enable-multiarch --enable-linker-build-id --with-system-zlib --libexecdir=/usr/lib --without-included-gettext --enable-threads=posix --with-gxx-include-dir=/usr/include/c++/4.4 --libdir=/usr/lib --enable-nls --enable-clocale=gnu --enable-libstdcxx-debug --enable-objc-gc --with-arch-32=i586 --with-tune=generic --enable-checking=release --build=x86_64-linux-gnu --host=x86_64-linux-gnu --target=x86_64-linux-gnu
Thread model: posix
gcc version 4.4.5 (Debian 4.4.5-8) 
configure:3912: $? = 0
configure:3901: gcc -V >&5
gcc: '-V' option must have argument
configure:3912: $? = 1
configure:3901: gcc -qversion >&5
gcc: unrecognized option '-qversion'
gcc: no input files
configure:3912: $? = 1
configure:3916: checking whether we are using the GNU C compiler
configure:3935: gcc -c   conftest.c >&5
conftest.c:8:1: warning: "PACKAGE_URL" redefined
conftest.c:7:1: warning: this is the location of the previous definition
configure:3935: $? = 0
configure:3944: result: yes
configure:3953: checking whether gcc accepts -g
configure:3973: gcc -c -g  conftest.c >&5
conftest.c:8:1: warning: "PACKAGE_URL" redefined
conftest.c:7:1: warning: this is the location of the previous definition
configure:3973: $? = 0
configure: failed program was:
| /* confdefs.h */
| #define PACKAGE_NAME "avremote"
| #define PACKAGE_TARNAME "AVRemote"
| #define PACKAGE_VERSION "0.1.0"
| #define PACKAGE_STRING "avremote 0.1.0"
| #define PACKAGE_BUGREPORT "jaromil@nimk.nl"
| #define PACKAGE_URL ""
| #define PACKAGE_URL "http://nimk.nl/syncstarter"
| #define PACKAGE "AVRemote"
| #define VERSION "0.1.0"
| /* end confdefs.h.  */
| 
| int
| main ()
| {
| 
|   ;
|   return 0;
| }
configure:3988: gcc -c   conftest.c >&5
conftest.c:8:1: warning: "PACKAGE_URL" redefined
conftest.c:7:1: warning: this is the location of the previous definition
configure:3988: $? = 0
configure: failed program was:
| /* confdefs.h */
| #define PACKAGE_NAME "avremote"
| #define PACKAGE_TARNAME "AVRemote"
| #define PACKAGE_VERSION "0.1.0"
| #define PACKAGE_STRING "avremote 0.1.0"
| #define PACKAGE_BUGREPORT "jaromil@nimk.nl"
| #define PACKAGE_URL ""
| #define PACKAGE_URL "http://nimk.nl/syncstarter"
| #define PACKAGE "AVRemote"
| #define VERSION "0.1.0"
| /* end confdefs.h.  */
| 
| int
| main ()
| {
| 
|   ;
|   return 0;
| }
configure:4004: gcc -c -g  conftest.c >&5
conftest.c:8:1: warning: "PACKAGE_URL" redefined
conftest.c:7:1: warning: this is the location of the previous definition
configure:4004: $? = 0
configure:4014: result: yes
configure:4031: checking for gcc option to accept ISO C89
configure:4095: gcc  -c -g -O2  conftest.c >&5
conftest.c:8:1: warning: "PACKAGE_URL" redefined
conftest.c:7:1: warning: this is the location of the previous definition
configure:4095: $? = 0
configure:4108: result: none needed
configure:4130: checking dependency style of gcc
configure:4240: result: gcc3
configure:4260: checking how to run the C preprocessor
configure:4291: gcc -E  conftest.c
conftest.c:8:1: warning: "PACKAGE_URL" redefined
conftest.c:7:1: warning: this is the location of the previous definition
configure:4291: $? = 0
configure:4305: gcc -E  conftest.c
conftest.c:8:1: warning: "PACKAGE_URL" redefined
conftest.c:7:1: warning: this is the location of the previous definition
conftest.c:12:28: error: ac_nonexistent.h: No such file or directory
configure:4305: $? = 1
configure: failed program was:
| /* confdefs.h */
| #define PACKAGE_NAME "avremote"
| #define PACKAGE_TARNAME "AVRemote"
| #define PACKAGE_VERSION "0.1.0"
| #define PACKAGE_STRING "avremote 0.1.0"
| #define PACKAGE_BUGREPORT "jaromil@nimk.nl"
| #define PACKAGE_URL ""
| #define PACKAGE_URL "http://nimk.nl/syncstarter"
| #define PACKAGE "AVRemote"
| #define VERSION "0.1.0"
| /* end confdefs.h.  */
| #include <ac_nonexistent.h>
configure:4330: result: gcc -E
configure:4350: gcc -E  conftest.c
conftest.c:8:1: warning: "PACKAGE_URL" redefined
conftest.c:7:1: warning: this is the location of the previous definition
configure:4350: $? = 0
configure:4364: gcc -E  conftest.c
conftest.c:8:1: warning: "PACKAGE_URL" redefined
conftest.c:7:1: warning: this is the location of the previous definition
conftest.c:12:28: error: ac_nonexistent.h: No such file or directory
configure:4364: $? = 1
configure: failed program was:
| /* confdefs.h */
| #define PACKAGE_NAME "avremote"
| #define PACKAGE_TARNAME "AVRemote"
| #define PACKAGE_VERSION "0.1.0"
| #define PACKAGE_STRING "avremote 0.1.0"
| #define PACKAGE_BUGREPORT "jaromil@nimk.nl"
| #define PACKAGE_URL ""
| #define PACKAGE_URL "http://nimk.nl/syncstarter"
| #define PACKAGE "AVRemote"
| #define VERSION "0.1.0"
| /* end confdefs.h.  */
| #include <ac_nonexistent.h>
configure:4393: checking whether ln -s works
configure:4397: result: yes
configure:4404: checking whether make sets $(MAKE)
configure:4426: result: yes
configure:4440: checking for inet_pton
configure:4440: gcc -o conftest -g -O2   conftest.c  >&5
conftest.c:8:1: warning: "PACKAGE_URL" redefined
conftest.c:7:1: warning: this is the location of the previous definition
configure:4440: $? = 0
configure:4440: result: yes
configure:4440: checking for inet_ntop
configure:4440: gcc -o conftest -g -O2   conftest.c  >&5
conftest.c:8:1: warning: "PACKAGE_URL" redefined
conftest.c:7:1: warning: this is the location of the previous definition
configure:4440: $? = 0
configure:4440: result: yes
configure:4450: checking for struct sockaddr.sa_len
configure:4450: gcc -c -g -O2  conftest.c >&5
conftest.c:8:1: warning: "PACKAGE_URL" redefined
conftest.c:7:1: warning: this is the location of the previous definition
conftest.c: In function 'main':
conftest.c:21: error: 'struct sockaddr' has no member named 'sa_len'
configure:4450: $? = 1
configure: failed program was:
| /* confdefs.h */
| #define PACKAGE_NAME "avremote"
| #define PACKAGE_TARNAME "AVRemote"
| #define PACKAGE_VERSION "0.1.0"
| #define PACKAGE_STRING "avremote 0.1.0"
| #define PACKAGE_BUGREPORT "jaromil@nimk.nl"
| #define PACKAGE_URL ""
| #define PACKAGE_URL "http://nimk.nl/syncstarter"
| #define PACKAGE "AVRemote"
| #define VERSION "0.1.0"
| #define HAVE_INET_PTON 1
| #define HAVE_INET_NTOP 1
| /* end confdefs.h.  */
| #include <sys/types.h>
| #include <sys/socket.h>
| 
| int
| main ()
| {
| static struct sockaddr ac_aggr;
| if (ac_aggr.sa_len)
| return 0;
|   ;
|   return 0;
| }
configure:4450: gcc -c -g -O2  conftest.c >&5
conftest.c:8:1: warning: "PACKAGE_URL" redefined
conftest.c:7:1: warning: this is the location of the previous definition
conftest.c: In function 'main':
conftest.c:21: error: 'struct sockaddr' has no member named 'sa_len'
configure:4450: $? = 1
configure: failed program was:
| /* confdefs.h */
| #define PACKAGE_NAME "avremote"
| #define PACKAGE_TARNAME "AVRemote"
| #define PACKAGE_VERSION "0.1.0"
| #define PACKAGE_STRING "avremote 0.1.0"
| #define PACKAGE_BUGREPORT "jaromil@nimk.nl"
| #define PACKAGE_URL ""
| #define PACKAGE_URL "http://nimk.nl/syncstarter"
| #define PACKAGE "AVRemote"
| #define VERSION "0.1.0"
| #define HAVE_INET_PTON 1
| #define HAVE_INET_NTOP 1
| /* end confdefs.h.  */
| #include <sys/types.h>
| #include <sys/socket.h>
| 
| int
| main ()
| {
| static struct sockaddr ac_aggr;
| if (sizeof ac_aggr.sa_len)
| return 0;
|   ;
|   return 0;
| }
configure:4450: result: no
configure:4463: checking for struct in_pktinfo
configure:4463: gcc -c -g -O2  conftest.c >&5
conftest.c:8:1: warning: "PACKAGE_URL" redefined
conftest.c:7:1: warning: this is the location of the previous definition
configure:4463: $? = 0
configure:4463: gcc -c -g -O2  conftest.c >&5
conftest.c:8:1: warning: "PACKAGE_URL" redefined
conftest.c:7:1: warning: this is the location of the previous definition
conftest.c: In function 'main':
conftest.c:20: error: expected expression before ')' token
configure:4463: $? = 1
configure: failed program was:
| /* confdefs.h */
| #define PACKAGE_NAME "avremote"
| #define PACKAGE_TARNAME "AVRemote"
| #define PACKAGE_VERSION "0.1.0"
| #define PACKAGE_STRING "avremote 0.1.0"
| #define PACKAGE_BUGREPORT "jaromil@nimk.nl"
| #define PACKAGE_URL ""
| #define PACKAGE_URL "http://nimk.nl/syncstarter"
| #define PACKAGE "AVRemote"
| #define VERSION "0.1.0"
| #define HAVE_INET_PTON 1
| #define HAVE_INET_NTOP 1
| /* end confdefs.h.  */
| #include <sys/types.h>
| #include <netinet/in.h>
| 
| int
| main ()
| {
| if (sizeof ((struct in_pktinfo)))
| 	    return 0;
|   ;
|   return 0;
| }
configure:4463: result: yes
configure:4474: checking for in_port_t
configure:4474: gcc -c -g -O2  conftest.c >&5
conftest.c:8:1: warning: "PACKAGE_URL" redefined
conftest.c:7:1: warning: this is the location of the previous definition
configure:4474: $? = 0
configure:4474: gcc -c -g -O2  conftest.c >&5
conftest.c:8:1: warning: "PACKAGE_URL" redefined
conftest.c:7:1: warning: this is the location of the previous definition
conftest.c: In function 'main':
conftest.c:21: error: expected expression before ')' token
configure:4474: $? = 1
configure: failed program was:
| /* confdefs.h */
| #define PACKAGE_NAME "avremote"
| #define PACKAGE_TARNAME "AVRemote"
| #define PACKAGE_VERSION "0.1.0"
| #define PACKAGE_STRING "avremote 0.1.0"
| #define PACKAGE_BUGREPORT "jaromil@nimk.nl"
| #define PACKAGE_URL ""
| #define PACKAGE_URL "http://nimk.nl/syncstarter"
| #define PACKAGE "AVRemote"
| #define VERSION "0.1.0"
| #define HAVE_INET_PTON 1
| #define HAVE_INET_NTOP 1
| #define HAVE_STRUCT_IN_PKTINFO 1
| /* end confdefs.h.  */
| #include <sys/types.h>
| #include <netinet/in.h>
| 
| int
| main ()
| {
| if (sizeof ((in_port_t)))
| 	    return 0;
|   ;
|   return 0;
| }
configure:4474: result: yes
configure:4488: checking for grep that handles long lines and -e
configure:4546: result: /bin/grep
configure:4551: checking for egrep
configure:4613: result: /bin/grep -E
configure:4618: checking for ANSI C header files
configure:4638: gcc -c -g -O2  conftest.c >&5
conftest.c:8:1: warning: "PACKAGE_URL" redefined
conftest.c:7:1: warning: this is the location of the previous definition
configure:4638: $? = 0
conftest.c:8:1: warning: "PACKAGE_URL" redefined
conftest.c:7:1: warning: this is the location of the previous definition
conftest.c:8:1: warning: "PACKAGE_URL" redefined
conftest.c:7:1: warning: this is the location of the previous definition
configure:4711: gcc -o conftest -g -O2   conftest.c  >&5
conftest.c:8:1: warning: "PACKAGE_URL" redefined
conftest.c:7:1: warning: this is the location of the previous definition
configure:4711: $? = 0
configure:4711: ./conftest
configure:4711: $? = 0
configure:4722: result: yes
configure:4735: checking for sys/types.h
configure:4735: gcc -c -g -O2  conftest.c >&5
conftest.c:8:1: warning: "PACKAGE_URL" redefined
conftest.c:7:1: warning: this is the location of the previous definition
configure:4735: $? = 0
configure:4735: result: yes
configure:4735: checking for sys/stat.h
configure:4735: gcc -c -g -O2  conftest.c >&5
conftest.c:8:1: warning: "PACKAGE_URL" redefined
conftest.c:7:1: warning: this is the location of the previous definition
configure:4735: $? = 0
configure:4735: result: yes
configure:4735: checking for stdlib.h
configure:4735: gcc -c -g -O2  conftest.c >&5
conftest.c:8:1: warning: "PACKAGE_URL" redefined
conftest.c:7:1: warning: this is the location of the previous definition
configure:4735: $? = 0
configure:4735: result: yes
configure:4735: checking for string.h
configure:4735: gcc -c -g -O2  conftest.c >&5
conftest.c:8:1: warning: "PACKAGE_URL" redefined
conftest.c:7:1: warning: this is the location of the previous definition
configure:4735: $? = 0
configure:4735: result: yes
configure:4735: checking for memory.h
configure:4735: gcc -c -g -O2  conftest.c >&5
conftest.c:8:1: warning: "PACKAGE_URL" redefined
conftest.c:7:1: warning: this is the location of the previous definition
configure:4735: $? = 0
configure:4735: result: yes
configure:4735: checking for strings.h
configure:4735: gcc -c -g -O2  conftest.c >&5
conftest.c:8:1: warning: "PACKAGE_URL" redefined
conftest.c:7:1: warning: this is the location of the previous definition
configure:4735: $? = 0
configure:4735: result: yes
configure:4735: checking for inttypes.h
configure:4735: gcc -c -g -O2  conftest.c >&5
conftest.c:8:1: warning: "PACKAGE_URL" redefined
conftest.c:7:1: warning: this is the location of the previous definition
configure:4735: $? = 0
configure:4735: result: yes
configure:4735: checking for stdint.h
configure:4735: gcc -c -g -O2  conftest.c >&5
conftest.c:8:1: warning: "PACKAGE_URL" redefined
conftest.c:7:1: warning: this is the location of the previous definition
configure:4735: $? = 0
configure:4735: result: yes
configure:4735: checking for unistd.h
configure:4735: gcc -c -g -O2  conftest.c >&5
conftest.c:8:1: warning: "PACKAGE_URL" redefined
conftest.c:7:1: warning: this is the location of the previous definition
configure:4735: $? = 0
configure:4735: result: yes
configure:4750: checking stdio.h usability
configure:4750: gcc -c -g -O2  conftest.c >&5
conftest.c:8:1: warning: "PACKAGE_URL" redefined
conftest.c:7:1: warning: this is the location of the previous definition
configure:4750: $? = 0
configure:4750: result: yes
configure:4750: checking stdio.h presence
configure:4750: gcc -E  conftest.c
conftest.c:8:1: warning: "PACKAGE_URL" redefined
conftest.c:7:1: warning: this is the location of the previous definition
configure:4750: $? = 0
configure:4750: result: yes
configure:4750: checking for stdio.h
configure:4750: result: yes
configure:4750: checking for stdlib.h
configure:4750: result: yes
configure:4750: checking for unistd.h
configure:4750: result: yes
configure:4750: checking for strings.h
configure:4750: result: yes
configure:4750: checking for sys/types.h
configure:4750: result: yes
configure:4750: checking for sys/stat.h
configure:4750: result: yes
configure:4906: creating ./config.status

## ---------------------- ##
## Running config.status. ##
## ---------------------- ##

This file was extended by avremote config.status 0.1.0, which was
generated by GNU Autoconf 2.67.  Invocation command line was

  CONFIG_FILES    = 
  CONFIG_HEADERS  = 
  CONFIG_LINKS    = 
  CONFIG_COMMANDS = 
  $ ./config.status 

on dyne

config.status:886: creating Makefile
config.status:886: creating src/Makefile
config.status:886: creating config.h
config.status:1066: config.h is unchanged
config.status:1114: executing depfiles commands

## ---------------- ##
## Cache variables. ##
## ---------------- ##

ac_cv_build=x86_64-unknown-linux-gnu
ac_cv_c_compiler_gnu=yes
ac_cv_cxx_compiler_gnu=yes
ac_cv_env_CCC_set=
ac_cv_env_CCC_value=
ac_cv_env_CC_set=
ac_cv_env_CC_value=
ac_cv_env_CFLAGS_set=
ac_cv_env_CFLAGS_value=
ac_cv_env_CPPFLAGS_set=
ac_cv_env_CPPFLAGS_value=
ac_cv_env_CPP_set=
ac_cv_env_CPP_value=
ac_cv_env_CXXFLAGS_set=
ac_cv_env_CXXFLAGS_value=
ac_cv_env_CXX_set=
ac_cv_env_CXX_value=
ac_cv_env_LDFLAGS_set=
ac_cv_env_LDFLAGS_value=
ac_cv_env_LIBS_set=
ac_cv_env_LIBS_value=
ac_cv_env_build_alias_set=
ac_cv_env_build_alias_value=
ac_cv_env_host_alias_set=
ac_cv_env_host_alias_value=
ac_cv_env_target_alias_set=
ac_cv_env_target_alias_value=
ac_cv_func_inet_ntop=yes
ac_cv_func_inet_pton=yes
ac_cv_header_inttypes_h=yes
ac_cv_header_memory_h=yes
ac_cv_header_stdc=yes
ac_cv_header_stdint_h=yes
ac_cv_header_stdio_h=yes
ac_cv_header_stdlib_h=yes
ac_cv_header_string_h=yes
ac_cv_header_strings_h=yes
ac_cv_header_sys_stat_h=yes
ac_cv_header_sys_types_h=yes
ac_cv_header_unistd_h=yes
ac_cv_host=x86_64-unknown-linux-gnu
ac_cv_member_struct_sockaddr_sa_len=no
ac_cv_objext=o
ac_cv_path_EGREP='/bin/grep -E'
ac_cv_path_GREP=/bin/grep
ac_cv_path_install='/usr/bin/install -c'
ac_cv_path_mkdir=/bin/mkdir
ac_cv_prog_AWK=gawk
ac_cv_prog_CPP='gcc -E'
ac_cv_prog_ac_ct_CC=gcc
ac_cv_prog_ac_ct_CXX=g++
ac_cv_prog_cc_c89=
ac_cv_prog_cc_g=yes
ac_cv_prog_cxx_g=yes
ac_cv_prog_make_make_set=yes
ac_cv_type_in_port_t=yes
ac_cv_type_struct_in_pktinfo=yes
am_cv_CC_dependencies_compiler_type=gcc3
am_cv_CXX_dependencies_compiler_type=gcc3

## ----------------- ##
## Output variables. ##
## ----------------- ##

ACLOCAL='${SHELL} /home/jrml/devel/avremote/missing --run aclocal-1.11'
AMDEPBACKSLASH='\'
AMDEP_FALSE='#'
AMDEP_TRUE=''
AMTAR='${SHELL} /home/jrml/devel/avremote/missing --run tar'
AM_BACKSLASH='\'
AM_DEFAULT_VERBOSITY='0'
AUTOCONF='${SHELL} /home/jrml/devel/avremote/missing --run autoconf'
AUTOHEADER='${SHELL} /home/jrml/devel/avremote/missing --run autoheader'
AUTOMAKE='${SHELL} /home/jrml/devel/avremote/missing --run automake-1.11'
AWK='gawk'
CC='gcc'
CCDEPMODE='depmode=gcc3'
CFLAGS=' -g -O2'
CPP='gcc -E'
CPPFLAGS=''
CXX='g++'
CXXDEPMODE='depmode=gcc3'
CXXFLAGS=' -g -O2'
CYGPATH_W='echo'
DEFS='-DHAVE_CONFIG_H'
DEPDIR='.deps'
ECHO_C=''
ECHO_N='-n'
ECHO_T=''
EGREP='/bin/grep -E'
EXEEXT=''
GREP='/bin/grep'
INSTALL_DATA='${INSTALL} -m 644'
INSTALL_PROGRAM='${INSTALL}'
INSTALL_SCRIPT='${INSTALL}'
INSTALL_STRIP_PROGRAM='$(install_sh) -c -s'
LDFLAGS=''
LIBOBJS=''
LIBS=''
LN_S='ln -s'
LTLIBOBJS=''
MAKEINFO='${SHELL} /home/jrml/devel/avremote/missing --run makeinfo'
MKDIR_P='/bin/mkdir -p'
OBJEXT='o'
PACKAGE='AVRemote'
PACKAGE_BUGREPORT='jaromil@nimk.nl'
PACKAGE_NAME='avremote'
PACKAGE_STRING='avremote 0.1.0'
PACKAGE_TARNAME='AVRemote'
PACKAGE_URL='http://nimk.nl/syncstarter'
PACKAGE_VERSION='0.1.0'
PATH_SEPARATOR=':'
SET_MAKE=''
SHELL='/bin/bash'
STRIP=''
VERSION='0.1.0'
ac_ct_CC='gcc'
ac_ct_CXX='g++'
am__EXEEXT_FALSE=''
am__EXEEXT_TRUE='#'
am__fastdepCC_FALSE='#'
am__fastdepCC_TRUE=''
am__fastdepCXX_FALSE='#'
am__fastdepCXX_TRUE=''
am__include='include'
am__isrc=''
am__leading_dot='.'
am__quote=''
am__tar='${AMTAR} chof - "$$tardir"'
am__untar='${AMTAR} xf -'
bindir='${exec_prefix}/bin'
build='x86_64-unknown-linux-gnu'
build_alias=''
build_cpu='x86_64'
build_os='linux-gnu'
build_vendor='unknown'
datadir='${datarootdir}'
datarootdir='${prefix}/share'
docdir='${datarootdir}/doc/${PACKAGE_TARNAME}'
dvidir='${docdir}'
exec_prefix='${prefix}'
host='x86_64-unknown-linux-gnu'
host_alias=''
host_cpu='x86_64'
host_os='linux-gnu'
host_vendor='unknown'
htmldir='${docdir}'
includedir='${prefix}/include'
infodir='${datarootdir}/info'
install_sh='${SHELL} /home/jrml/devel/avremote/install-sh'
libdir='${exec_prefix}/lib'
libexecdir='${exec_prefix}/libexec'
localedir='${datarootdir}/locale'
localstatedir='${prefix}/var'
mandir='${datarootdir}/man'
mkdir_p='/bin/mkdir -p'
oldincludedir='/usr/include'
pdfdir='${docdir}'
prefix='/usr/local'
program_transform_name='s,x,x,'
psdir='${docdir}'
sbindir='${exec_prefix}/sbin'
sharedstatedir='${prefix}/com'
sysconfdir='${prefix}/etc'
target_alias=''

## ----------- ##
## confdefs.h. ##
## ----------- ##

/* confdefs.h */
#define PACKAGE_NAME "avremote"
#define PACKAGE_TARNAME "AVRemote"
#define PACKAGE_VERSION "0.1.0"
#define PACKAGE_STRING "avremote 0.1.0"
#define PACKAGE_BUGREPORT "jaromil@nimk.nl"
#define PACKAGE_URL ""
#define PACKAGE_URL "http://nimk.nl/syncstarter"
#define PACKAGE "AVRemote"
#define VERSION "0.1.0"
#define HAVE_INET_PTON 1
#define HAVE_INET_NTOP 1
#define HAVE_STRUCT_IN_PKTINFO 1
#define HAVE_IN_PORT_T 1
#define STDC_HEADERS 1
#define HAVE_SYS_TYPES_H 1
#define HAVE_SYS_STAT_H 1
#define HAVE_STDLIB_H 1
#define HAVE_STRING_H 1
#define HAVE_MEMORY_H 1
#define HAVE_STRINGS_H 1
#define HAVE_INTTYPES_H 1
#define HAVE_STDINT_H 1
#define HAVE_UNISTD_H 1
#define HAVE_STDIO_H 1
#define HAVE_STDLIB_H 1
#define HAVE_UNISTD_H 1
#define HAVE_STRINGS_H 1
#define HAVE_SYS_TYPES_H 1
#define HAVE_SYS_STAT_H 1

configure: exit 0

## ---------------------- ##
## Running config.status. ##
## ---------------------- ##

This file was extended by avremote config.status 0.1.0, which was
generated by GNU Autoconf 2.67.  Invocation command line was

  CONFIG_FILES    = 
  CONFIG_HEADERS  = 
  CONFIG_LINKS    = 
  CONFIG_COMMANDS = 
  $ ./config.status config.h

on dyne

config.status:886: creating config.h
config.status:1066: config.h is unchanged
